The system is: Linux - 5.4.0-150-generic - x86_64
Compiling the C compiler identification source file "CMakeCCompilerId.c" succeeded.
Compiler: /home/fsy/install/aarch64-mix210-linux/aarch64-mix210-linux/bin/aarch64-mix210-linux-gcc 
Build flags: 
Id flags:  

The output was:
0


Compilation of the C compiler identification source "CMakeCCompilerId.c" produced "a.out"

The C compiler identification is GNU, found in "/home/fsy/Ascend/linux/nfs/new_demo/build/CMakeFiles/3.10.2/CompilerIdC/a.out"

Compiling the CXX compiler identification source file "CMakeCXXCompilerId.cpp" succeeded.
Compiler: /home/fsy/install/aarch64-mix210-linux/aarch64-mix210-linux/bin/aarch64-mix210-linux-g++ 
Build flags: 
Id flags:  

The output was:
0


Compilation of the CXX compiler identification source "CMakeCXXCompilerId.cpp" produced "a.out"

The CXX compiler identification is GNU, found in "/home/fsy/Ascend/linux/nfs/new_demo/build/CMakeFiles/3.10.2/CompilerIdCXX/a.out"

Determining if the C compiler works passed with the following output:
Change Dir: /home/fsy/Ascend/linux/nfs/new_demo/build/CMakeFiles/CMakeTmp

Run Build Command:"/usr/bin/ninja" "cmTC_38414"
[1/2] Building C object CMakeFiles/cmTC_38414.dir/testCCompiler.c.o
[2/2] Linking C executable cmTC_38414


Detecting C compiler ABI info compiled with the following output:
Change Dir: /home/fsy/Ascend/linux/nfs/new_demo/build/CMakeFiles/CMakeTmp

Run Build Command:"/usr/bin/ninja" "cmTC_d2ff8"
[1/2] Building C object CMakeFiles/cmTC_d2ff8.dir/CMakeCCompilerABI.c.o
[2/2] Linking C executable cmTC_d2ff8
Using built-in specs.
COLLECT_GCC=/home/fsy/install/aarch64-mix210-linux/aarch64-mix210-linux/bin/aarch64-mix210-linux-gcc
COLLECT_LTO_WRAPPER=/home/fsy/install/aarch64-mix210-linux/aarch64-mix210-linux/host_bin/../libexec/gcc/aarch64-linux-gnu/7.3.0/lto-wrapper
Target: aarch64-linux-gnu
Configured with: /home/pub/cmhua/toolchaines/build/aarch64-mix210-linux/../../open_source/aarch64-mix210-linux_src/gcc-7.3.0/configure --build=x86_64-linux-gnu --host=x86_64-linux-gnu --target=aarch64-linux-gnu --with-arch=armv8-a --prefix=/home/pub/cmhua/toolchaines/build/aarch64-mix210-linux/aarch64_mix210_build_dir/aarch64_mix210 --enable-threads --disable-libmudflap -enable-libssp --enable-gold=yes --disable-libstdcxx-pch --disable-multilib --enable-multiarch --with-gnu-as --with-gnu-ld --enable-libgomp --enable-gnu-indirect-function --enable-checking=yes --enable-lto --enable-c99 --enable-long-long --disable-nls --enable-fix-cortex-a53-835769 --enable-fix-cortex-a53-843419 --enable-shared --with-pkgversion=20210804 --enable-languages=c,c++ --with-headers=/home/pub/cmhua/toolchaines/build/aarch64-mix210-linux/aarch64_mix210_build_dir/aarch64_mix210/target/usr/include --with-sysroot=/home/pub/cmhua/toolchaines/build/aarch64-mix210-linux/aarch64_mix210_build_dir/aarch64_mix210/target --with-build-sysroot=/home/pub/cmhua/toolchaines/build/aarch64-mix210-linux/aarch64_mix210_build_dir/aarch64_mix210/target --with-gmp=/home/pub/cmhua/toolchaines/build/aarch64-mix210-linux/aarch64_mix210_build_dir/obj/host-libs/usr --with-mpfr=/home/pub/cmhua/toolchaines/build/aarch64-mix210-linux/aarch64_mix210_build_dir/obj/host-libs/usr --with-mpc=/home/pub/cmhua/toolchaines/build/aarch64-mix210-linux/aarch64_mix210_build_dir/obj/host-libs/usr --with-build-time-tools=/home/pub/cmhua/toolchaines/build/aarch64-mix210-linux/aarch64_mix210_build_dir/aarch64_mix210/aarch64-linux-gnu/bin --libdir=/home/pub/cmhua/toolchaines/build/aarch64-mix210-linux/aarch64_mix210_build_dir/aarch64_mix210/lib --disable-bootstrap --with-system-zlib
Thread model: posix
gcc version 7.3.0 (20210804) 
COMPILER_PATH=/home/fsy/install/aarch64-mix210-linux/aarch64-mix210-linux/host_bin/../libexec/gcc/aarch64-linux-gnu/7.3.0/:/home/fsy/install/aarch64-mix210-linux/aarch64-mix210-linux/host_bin/../libexec/gcc/aarch64-linux-gnu/:/home/fsy/install/aarch64-mix210-linux/aarch64-mix210-linux/host_bin/../libexec/gcc/:/home/fsy/install/aarch64-mix210-linux/aarch64-mix210-linux/host_bin/../lib/gcc/aarch64-linux-gnu/7.3.0/../../../../aarch64-linux-gnu/bin/
LIBRARY_PATH=/home/fsy/install/aarch64-mix210-linux/aarch64-mix210-linux/host_bin/../lib/gcc/aarch64-linux-gnu/7.3.0/:/home/fsy/install/aarch64-mix210-linux/aarch64-mix210-linux/host_bin/../lib/gcc/aarch64-linux-gnu/:/home/fsy/install/aarch64-mix210-linux/aarch64-mix210-linux/host_bin/../lib/gcc/:/home/fsy/install/aarch64-mix210-linux/aarch64-mix210-linux/host_bin/../lib/gcc/aarch64-linux-gnu/7.3.0/../../../../aarch64-linux-gnu/lib/../lib64/:/home/fsy/install/aarch64-mix210-linux/aarch64-mix210-linux/host_bin/../lib/gcc/aarch64-linux-gnu/7.3.0/../../../../aarch64-linux-gnu/lib/:/home/fsy/install/aarch64-mix210-linux/aarch64-mix210-linux/host_bin/../target/lib/:/home/fsy/install/aarch64-mix210-linux/aarch64-mix210-linux/host_bin/../target/usr/lib/
COLLECT_GCC_OPTIONS='-v' '-rdynamic' '-o' 'cmTC_d2ff8' '-march=armv8-a' '-mlittle-endian' '-mabi=lp64'
 /home/fsy/install/aarch64-mix210-linux/aarch64-mix210-linux/host_bin/../libexec/gcc/aarch64-linux-gnu/7.3.0/collect2 -plugin /home/fsy/install/aarch64-mix210-linux/aarch64-mix210-linux/host_bin/../libexec/gcc/aarch64-linux-gnu/7.3.0/liblto_plugin.so -plugin-opt=/home/fsy/install/aarch64-mix210-linux/aarch64-mix210-linux/host_bin/../libexec/gcc/aarch64-linux-gnu/7.3.0/lto-wrapper -plugin-opt=-fresolution=/tmp/ccYNlKmX.res -plugin-opt=-pass-through=-lgcc -plugin-opt=-pass-through=-lgcc_s -plugin-opt=-pass-through=-lc -plugin-opt=-pass-through=-lgcc -plugin-opt=-pass-through=-lgcc_s --sysroot=/home/fsy/install/aarch64-mix210-linux/aarch64-mix210-linux/host_bin/../target --eh-frame-hdr -export-dynamic -dynamic-linker /lib/ld-linux-aarch64.so.1 -X -EL -maarch64linux --fix-cortex-a53-835769 --fix-cortex-a53-843419 -o cmTC_d2ff8 /home/fsy/install/aarch64-mix210-linux/aarch64-mix210-linux/host_bin/../target/usr/lib/crt1.o /home/fsy/install/aarch64-mix210-linux/aarch64-mix210-linux/host_bin/../target/usr/lib/crti.o /home/fsy/install/aarch64-mix210-linux/aarch64-mix210-linux/host_bin/../lib/gcc/aarch64-linux-gnu/7.3.0/crtbegin.o -L/home/fsy/install/aarch64-mix210-linux/aarch64-mix210-linux/host_bin/../lib/gcc/aarch64-linux-gnu/7.3.0 -L/home/fsy/install/aarch64-mix210-linux/aarch64-mix210-linux/host_bin/../lib/gcc/aarch64-linux-gnu -L/home/fsy/install/aarch64-mix210-linux/aarch64-mix210-linux/host_bin/../lib/gcc -L/home/fsy/install/aarch64-mix210-linux/aarch64-mix210-linux/host_bin/../lib/gcc/aarch64-linux-gnu/7.3.0/../../../../aarch64-linux-gnu/lib/../lib64 -L/home/fsy/install/aarch64-mix210-linux/aarch64-mix210-linux/host_bin/../lib/gcc/aarch64-linux-gnu/7.3.0/../../../../aarch64-linux-gnu/lib -L/home/fsy/install/aarch64-mix210-linux/aarch64-mix210-linux/host_bin/../target/lib -L/home/fsy/install/aarch64-mix210-linux/aarch64-mix210-linux/host_bin/../target/usr/lib CMakeFiles/cmTC_d2ff8.dir/CMakeCCompilerABI.c.o -lgcc --as-needed -lgcc_s --no-as-needed -lc -lgcc --as-needed -lgcc_s --no-as-needed /home/fsy/install/aarch64-mix210-linux/aarch64-mix210-linux/host_bin/../lib/gcc/aarch64-linux-gnu/7.3.0/crtend.o /home/fsy/install/aarch64-mix210-linux/aarch64-mix210-linux/host_bin/../target/usr/lib/crtn.o
COLLECT_GCC_OPTIONS='-v' '-rdynamic' '-o' 'cmTC_d2ff8' '-march=armv8-a' '-mlittle-endian' '-mabi=lp64'


Parsed C implicit link information from above output:
  link line regex: [^( *|.*[/\])(ld|CMAKE_LINK_STARTFILE-NOTFOUND|([^/\]+-)?ld|collect2)[^/\]*( |$)]
  ignore line: [Change Dir: /home/fsy/Ascend/linux/nfs/new_demo/build/CMakeFiles/CMakeTmp]
  ignore line: []
  ignore line: [Run Build Command:"/usr/bin/ninja" "cmTC_d2ff8"]
  ignore line: [[1/2] Building C object CMakeFiles/cmTC_d2ff8.dir/CMakeCCompilerABI.c.o]
  ignore line: [[2/2] Linking C executable cmTC_d2ff8]
  ignore line: [Using built-in specs.]
  ignore line: [COLLECT_GCC=/home/fsy/install/aarch64-mix210-linux/aarch64-mix210-linux/bin/aarch64-mix210-linux-gcc]
  ignore line: [COLLECT_LTO_WRAPPER=/home/fsy/install/aarch64-mix210-linux/aarch64-mix210-linux/host_bin/../libexec/gcc/aarch64-linux-gnu/7.3.0/lto-wrapper]
  ignore line: [Target: aarch64-linux-gnu]
  ignore line: [Configured with: /home/pub/cmhua/toolchaines/build/aarch64-mix210-linux/../../open_source/aarch64-mix210-linux_src/gcc-7.3.0/configure --build=x86_64-linux-gnu --host=x86_64-linux-gnu --target=aarch64-linux-gnu --with-arch=armv8-a --prefix=/home/pub/cmhua/toolchaines/build/aarch64-mix210-linux/aarch64_mix210_build_dir/aarch64_mix210 --enable-threads --disable-libmudflap -enable-libssp --enable-gold=yes --disable-libstdcxx-pch --disable-multilib --enable-multiarch --with-gnu-as --with-gnu-ld --enable-libgomp --enable-gnu-indirect-function --enable-checking=yes --enable-lto --enable-c99 --enable-long-long --disable-nls --enable-fix-cortex-a53-835769 --enable-fix-cortex-a53-843419 --enable-shared --with-pkgversion=20210804 --enable-languages=c,c++ --with-headers=/home/pub/cmhua/toolchaines/build/aarch64-mix210-linux/aarch64_mix210_build_dir/aarch64_mix210/target/usr/include --with-sysroot=/home/pub/cmhua/toolchaines/build/aarch64-mix210-linux/aarch64_mix210_build_dir/aarch64_mix210/target --with-build-sysroot=/home/pub/cmhua/toolchaines/build/aarch64-mix210-linux/aarch64_mix210_build_dir/aarch64_mix210/target --with-gmp=/home/pub/cmhua/toolchaines/build/aarch64-mix210-linux/aarch64_mix210_build_dir/obj/host-libs/usr --with-mpfr=/home/pub/cmhua/toolchaines/build/aarch64-mix210-linux/aarch64_mix210_build_dir/obj/host-libs/usr --with-mpc=/home/pub/cmhua/toolchaines/build/aarch64-mix210-linux/aarch64_mix210_build_dir/obj/host-libs/usr --with-build-time-tools=/home/pub/cmhua/toolchaines/build/aarch64-mix210-linux/aarch64_mix210_build_dir/aarch64_mix210/aarch64-linux-gnu/bin --libdir=/home/pub/cmhua/toolchaines/build/aarch64-mix210-linux/aarch64_mix210_build_dir/aarch64_mix210/lib --disable-bootstrap --with-system-zlib]
  ignore line: [Thread model: posix]
  ignore line: [gcc version 7.3.0 (20210804) ]
  ignore line: [COMPILER_PATH=/home/fsy/install/aarch64-mix210-linux/aarch64-mix210-linux/host_bin/../libexec/gcc/aarch64-linux-gnu/7.3.0/:/home/fsy/install/aarch64-mix210-linux/aarch64-mix210-linux/host_bin/../libexec/gcc/aarch64-linux-gnu/:/home/fsy/install/aarch64-mix210-linux/aarch64-mix210-linux/host_bin/../libexec/gcc/:/home/fsy/install/aarch64-mix210-linux/aarch64-mix210-linux/host_bin/../lib/gcc/aarch64-linux-gnu/7.3.0/../../../../aarch64-linux-gnu/bin/]
  ignore line: [LIBRARY_PATH=/home/fsy/install/aarch64-mix210-linux/aarch64-mix210-linux/host_bin/../lib/gcc/aarch64-linux-gnu/7.3.0/:/home/fsy/install/aarch64-mix210-linux/aarch64-mix210-linux/host_bin/../lib/gcc/aarch64-linux-gnu/:/home/fsy/install/aarch64-mix210-linux/aarch64-mix210-linux/host_bin/../lib/gcc/:/home/fsy/install/aarch64-mix210-linux/aarch64-mix210-linux/host_bin/../lib/gcc/aarch64-linux-gnu/7.3.0/../../../../aarch64-linux-gnu/lib/../lib64/:/home/fsy/install/aarch64-mix210-linux/aarch64-mix210-linux/host_bin/../lib/gcc/aarch64-linux-gnu/7.3.0/../../../../aarch64-linux-gnu/lib/:/home/fsy/install/aarch64-mix210-linux/aarch64-mix210-linux/host_bin/../target/lib/:/home/fsy/install/aarch64-mix210-linux/aarch64-mix210-linux/host_bin/../target/usr/lib/]
  ignore line: [COLLECT_GCC_OPTIONS='-v' '-rdynamic' '-o' 'cmTC_d2ff8' '-march=armv8-a' '-mlittle-endian' '-mabi=lp64']
  link line: [ /home/fsy/install/aarch64-mix210-linux/aarch64-mix210-linux/host_bin/../libexec/gcc/aarch64-linux-gnu/7.3.0/collect2 -plugin /home/fsy/install/aarch64-mix210-linux/aarch64-mix210-linux/host_bin/../libexec/gcc/aarch64-linux-gnu/7.3.0/liblto_plugin.so -plugin-opt=/home/fsy/install/aarch64-mix210-linux/aarch64-mix210-linux/host_bin/../libexec/gcc/aarch64-linux-gnu/7.3.0/lto-wrapper -plugin-opt=-fresolution=/tmp/ccYNlKmX.res -plugin-opt=-pass-through=-lgcc -plugin-opt=-pass-through=-lgcc_s -plugin-opt=-pass-through=-lc -plugin-opt=-pass-through=-lgcc -plugin-opt=-pass-through=-lgcc_s --sysroot=/home/fsy/install/aarch64-mix210-linux/aarch64-mix210-linux/host_bin/../target --eh-frame-hdr -export-dynamic -dynamic-linker /lib/ld-linux-aarch64.so.1 -X -EL -maarch64linux --fix-cortex-a53-835769 --fix-cortex-a53-843419 -o cmTC_d2ff8 /home/fsy/install/aarch64-mix210-linux/aarch64-mix210-linux/host_bin/../target/usr/lib/crt1.o /home/fsy/install/aarch64-mix210-linux/aarch64-mix210-linux/host_bin/../target/usr/lib/crti.o /home/fsy/install/aarch64-mix210-linux/aarch64-mix210-linux/host_bin/../lib/gcc/aarch64-linux-gnu/7.3.0/crtbegin.o -L/home/fsy/install/aarch64-mix210-linux/aarch64-mix210-linux/host_bin/../lib/gcc/aarch64-linux-gnu/7.3.0 -L/home/fsy/install/aarch64-mix210-linux/aarch64-mix210-linux/host_bin/../lib/gcc/aarch64-linux-gnu -L/home/fsy/install/aarch64-mix210-linux/aarch64-mix210-linux/host_bin/../lib/gcc -L/home/fsy/install/aarch64-mix210-linux/aarch64-mix210-linux/host_bin/../lib/gcc/aarch64-linux-gnu/7.3.0/../../../../aarch64-linux-gnu/lib/../lib64 -L/home/fsy/install/aarch64-mix210-linux/aarch64-mix210-linux/host_bin/../lib/gcc/aarch64-linux-gnu/7.3.0/../../../../aarch64-linux-gnu/lib -L/home/fsy/install/aarch64-mix210-linux/aarch64-mix210-linux/host_bin/../target/lib -L/home/fsy/install/aarch64-mix210-linux/aarch64-mix210-linux/host_bin/../target/usr/lib CMakeFiles/cmTC_d2ff8.dir/CMakeCCompilerABI.c.o -lgcc --as-needed -lgcc_s --no-as-needed -lc -lgcc --as-needed -lgcc_s --no-as-needed /home/fsy/install/aarch64-mix210-linux/aarch64-mix210-linux/host_bin/../lib/gcc/aarch64-linux-gnu/7.3.0/crtend.o /home/fsy/install/aarch64-mix210-linux/aarch64-mix210-linux/host_bin/../target/usr/lib/crtn.o]
    arg [/home/fsy/install/aarch64-mix210-linux/aarch64-mix210-linux/host_bin/../libexec/gcc/aarch64-linux-gnu/7.3.0/collect2] ==> ignore
    arg [-plugin] ==> ignore
    arg [/home/fsy/install/aarch64-mix210-linux/aarch64-mix210-linux/host_bin/../libexec/gcc/aarch64-linux-gnu/7.3.0/liblto_plugin.so] ==> ignore
    arg [-plugin-opt=/home/fsy/install/aarch64-mix210-linux/aarch64-mix210-linux/host_bin/../libexec/gcc/aarch64-linux-gnu/7.3.0/lto-wrapper] ==> ignore
    arg [-plugin-opt=-fresolution=/tmp/ccYNlKmX.res] ==> ignore
    arg [-plugin-opt=-pass-through=-lgcc] ==> ignore
    arg [-plugin-opt=-pass-through=-lgcc_s] ==> ignore
    arg [-plugin-opt=-pass-through=-lc] ==> ignore
    arg [-plugin-opt=-pass-through=-lgcc] ==> ignore
    arg [-plugin-opt=-pass-through=-lgcc_s] ==> ignore
    arg [--sysroot=/home/fsy/install/aarch64-mix210-linux/aarch64-mix210-linux/host_bin/../target] ==> ignore
    arg [--eh-frame-hdr] ==> ignore
    arg [-export-dynamic] ==> ignore
    arg [-dynamic-linker] ==> ignore
    arg [/lib/ld-linux-aarch64.so.1] ==> ignore
    arg [-X] ==> ignore
    arg [-EL] ==> ignore
    arg [-maarch64linux] ==> ignore
    arg [--fix-cortex-a53-835769] ==> ignore
    arg [--fix-cortex-a53-843419] ==> ignore
    arg [-o] ==> ignore
    arg [cmTC_d2ff8] ==> ignore
    arg [/home/fsy/install/aarch64-mix210-linux/aarch64-mix210-linux/host_bin/../target/usr/lib/crt1.o] ==> ignore
    arg [/home/fsy/install/aarch64-mix210-linux/aarch64-mix210-linux/host_bin/../target/usr/lib/crti.o] ==> ignore
    arg [/home/fsy/install/aarch64-mix210-linux/aarch64-mix210-linux/host_bin/../lib/gcc/aarch64-linux-gnu/7.3.0/crtbegin.o] ==> ignore
    arg [-L/home/fsy/install/aarch64-mix210-linux/aarch64-mix210-linux/host_bin/../lib/gcc/aarch64-linux-gnu/7.3.0] ==> dir [/home/fsy/install/aarch64-mix210-linux/aarch64-mix210-linux/host_bin/../lib/gcc/aarch64-linux-gnu/7.3.0]
    arg [-L/home/fsy/install/aarch64-mix210-linux/aarch64-mix210-linux/host_bin/../lib/gcc/aarch64-linux-gnu] ==> dir [/home/fsy/install/aarch64-mix210-linux/aarch64-mix210-linux/host_bin/../lib/gcc/aarch64-linux-gnu]
    arg [-L/home/fsy/install/aarch64-mix210-linux/aarch64-mix210-linux/host_bin/../lib/gcc] ==> dir [/home/fsy/install/aarch64-mix210-linux/aarch64-mix210-linux/host_bin/../lib/gcc]
    arg [-L/home/fsy/install/aarch64-mix210-linux/aarch64-mix210-linux/host_bin/../lib/gcc/aarch64-linux-gnu/7.3.0/../../../../aarch64-linux-gnu/lib/../lib64] ==> dir [/home/fsy/install/aarch64-mix210-linux/aarch64-mix210-linux/host_bin/../lib/gcc/aarch64-linux-gnu/7.3.0/../../../../aarch64-linux-gnu/lib/../lib64]
    arg [-L/home/fsy/install/aarch64-mix210-linux/aarch64-mix210-linux/host_bin/../lib/gcc/aarch64-linux-gnu/7.3.0/../../../../aarch64-linux-gnu/lib] ==> dir [/home/fsy/install/aarch64-mix210-linux/aarch64-mix210-linux/host_bin/../lib/gcc/aarch64-linux-gnu/7.3.0/../../../../aarch64-linux-gnu/lib]
    arg [-L/home/fsy/install/aarch64-mix210-linux/aarch64-mix210-linux/host_bin/../target/lib] ==> dir [/home/fsy/install/aarch64-mix210-linux/aarch64-mix210-linux/host_bin/../target/lib]
    arg [-L/home/fsy/install/aarch64-mix210-linux/aarch64-mix210-linux/host_bin/../target/usr/lib] ==> dir [/home/fsy/install/aarch64-mix210-linux/aarch64-mix210-linux/host_bin/../target/usr/lib]
    arg [CMakeFiles/cmTC_d2ff8.dir/CMakeCCompilerABI.c.o] ==> ignore
    arg [-lgcc] ==> lib [gcc]
    arg [--as-needed] ==> ignore
    arg [-lgcc_s] ==> lib [gcc_s]
    arg [--no-as-needed] ==> ignore
    arg [-lc] ==> lib [c]
    arg [-lgcc] ==> lib [gcc]
    arg [--as-needed] ==> ignore
    arg [-lgcc_s] ==> lib [gcc_s]
    arg [--no-as-needed] ==> ignore
    arg [/home/fsy/install/aarch64-mix210-linux/aarch64-mix210-linux/host_bin/../lib/gcc/aarch64-linux-gnu/7.3.0/crtend.o] ==> ignore
    arg [/home/fsy/install/aarch64-mix210-linux/aarch64-mix210-linux/host_bin/../target/usr/lib/crtn.o] ==> ignore
  collapse library dir [/home/fsy/install/aarch64-mix210-linux/aarch64-mix210-linux/host_bin/../lib/gcc/aarch64-linux-gnu/7.3.0] ==> [/home/fsy/install/aarch64-mix210-linux/aarch64-mix210-linux/lib/gcc/aarch64-linux-gnu/7.3.0]
  collapse library dir [/home/fsy/install/aarch64-mix210-linux/aarch64-mix210-linux/host_bin/../lib/gcc/aarch64-linux-gnu] ==> [/home/fsy/install/aarch64-mix210-linux/aarch64-mix210-linux/lib/gcc/aarch64-linux-gnu]
  collapse library dir [/home/fsy/install/aarch64-mix210-linux/aarch64-mix210-linux/host_bin/../lib/gcc] ==> [/home/fsy/install/aarch64-mix210-linux/aarch64-mix210-linux/lib/gcc]
  collapse library dir [/home/fsy/install/aarch64-mix210-linux/aarch64-mix210-linux/host_bin/../lib/gcc/aarch64-linux-gnu/7.3.0/../../../../aarch64-linux-gnu/lib/../lib64] ==> [/home/fsy/install/aarch64-mix210-linux/aarch64-mix210-linux/aarch64-linux-gnu/lib64]
  collapse library dir [/home/fsy/install/aarch64-mix210-linux/aarch64-mix210-linux/host_bin/../lib/gcc/aarch64-linux-gnu/7.3.0/../../../../aarch64-linux-gnu/lib] ==> [/home/fsy/install/aarch64-mix210-linux/aarch64-mix210-linux/aarch64-linux-gnu/lib]
  collapse library dir [/home/fsy/install/aarch64-mix210-linux/aarch64-mix210-linux/host_bin/../target/lib] ==> [/home/fsy/install/aarch64-mix210-linux/aarch64-mix210-linux/target/lib]
  collapse library dir [/home/fsy/install/aarch64-mix210-linux/aarch64-mix210-linux/host_bin/../target/usr/lib] ==> [/home/fsy/install/aarch64-mix210-linux/aarch64-mix210-linux/target/usr/lib]
  implicit libs: [gcc;gcc_s;c;gcc;gcc_s]
  implicit dirs: [/home/fsy/install/aarch64-mix210-linux/aarch64-mix210-linux/lib/gcc/aarch64-linux-gnu/7.3.0;/home/fsy/install/aarch64-mix210-linux/aarch64-mix210-linux/lib/gcc/aarch64-linux-gnu;/home/fsy/install/aarch64-mix210-linux/aarch64-mix210-linux/lib/gcc;/home/fsy/install/aarch64-mix210-linux/aarch64-mix210-linux/aarch64-linux-gnu/lib64;/home/fsy/install/aarch64-mix210-linux/aarch64-mix210-linux/aarch64-linux-gnu/lib;/home/fsy/install/aarch64-mix210-linux/aarch64-mix210-linux/target/lib;/home/fsy/install/aarch64-mix210-linux/aarch64-mix210-linux/target/usr/lib]
  implicit fwks: []




Detecting C [-std=c11] compiler features compiled with the following output:
Change Dir: /home/fsy/Ascend/linux/nfs/new_demo/build/CMakeFiles/CMakeTmp

Run Build Command:"/usr/bin/ninja" "cmTC_b61b6"
[1/2] Building C object CMakeFiles/cmTC_b61b6.dir/feature_tests.c.o
[2/2] Linking C executable cmTC_b61b6


    Feature record: C_FEATURE:1c_function_prototypes
    Feature record: C_FEATURE:1c_restrict
    Feature record: C_FEATURE:1c_static_assert
    Feature record: C_FEATURE:1c_variadic_macros


Detecting C [-std=c99] compiler features compiled with the following output:
Change Dir: /home/fsy/Ascend/linux/nfs/new_demo/build/CMakeFiles/CMakeTmp

Run Build Command:"/usr/bin/ninja" "cmTC_cf6c6"
[1/2] Building C object CMakeFiles/cmTC_cf6c6.dir/feature_tests.c.o
[2/2] Linking C executable cmTC_cf6c6


    Feature record: C_FEATURE:1c_function_prototypes
    Feature record: C_FEATURE:1c_restrict
    Feature record: C_FEATURE:0c_static_assert
    Feature record: C_FEATURE:1c_variadic_macros


Detecting C [-std=c90] compiler features compiled with the following output:
Change Dir: /home/fsy/Ascend/linux/nfs/new_demo/build/CMakeFiles/CMakeTmp

Run Build Command:"/usr/bin/ninja" "cmTC_2def5"
[1/2] Building C object CMakeFiles/cmTC_2def5.dir/feature_tests.c.o
[2/2] Linking C executable cmTC_2def5


    Feature record: C_FEATURE:1c_function_prototypes
    Feature record: C_FEATURE:0c_restrict
    Feature record: C_FEATURE:0c_static_assert
    Feature record: C_FEATURE:0c_variadic_macros
Determining if the CXX compiler works passed with the following output:
Change Dir: /home/fsy/Ascend/linux/nfs/new_demo/build/CMakeFiles/CMakeTmp

Run Build Command:"/usr/bin/ninja" "cmTC_e9d5c"
[1/2] Building CXX object CMakeFiles/cmTC_e9d5c.dir/testCXXCompiler.cxx.o
[2/2] Linking CXX executable cmTC_e9d5c


Detecting CXX compiler ABI info compiled with the following output:
Change Dir: /home/fsy/Ascend/linux/nfs/new_demo/build/CMakeFiles/CMakeTmp

Run Build Command:"/usr/bin/ninja" "cmTC_cef02"
[1/2] Building CXX object CMakeFiles/cmTC_cef02.dir/CMakeCXXCompilerABI.cpp.o
[2/2] Linking CXX executable cmTC_cef02
Using built-in specs.
COLLECT_GCC=/home/fsy/install/aarch64-mix210-linux/aarch64-mix210-linux/bin/aarch64-mix210-linux-g++
COLLECT_LTO_WRAPPER=/home/fsy/install/aarch64-mix210-linux/aarch64-mix210-linux/host_bin/../libexec/gcc/aarch64-linux-gnu/7.3.0/lto-wrapper
Target: aarch64-linux-gnu
Configured with: /home/pub/cmhua/toolchaines/build/aarch64-mix210-linux/../../open_source/aarch64-mix210-linux_src/gcc-7.3.0/configure --build=x86_64-linux-gnu --host=x86_64-linux-gnu --target=aarch64-linux-gnu --with-arch=armv8-a --prefix=/home/pub/cmhua/toolchaines/build/aarch64-mix210-linux/aarch64_mix210_build_dir/aarch64_mix210 --enable-threads --disable-libmudflap -enable-libssp --enable-gold=yes --disable-libstdcxx-pch --disable-multilib --enable-multiarch --with-gnu-as --with-gnu-ld --enable-libgomp --enable-gnu-indirect-function --enable-checking=yes --enable-lto --enable-c99 --enable-long-long --disable-nls --enable-fix-cortex-a53-835769 --enable-fix-cortex-a53-843419 --enable-shared --with-pkgversion=20210804 --enable-languages=c,c++ --with-headers=/home/pub/cmhua/toolchaines/build/aarch64-mix210-linux/aarch64_mix210_build_dir/aarch64_mix210/target/usr/include --with-sysroot=/home/pub/cmhua/toolchaines/build/aarch64-mix210-linux/aarch64_mix210_build_dir/aarch64_mix210/target --with-build-sysroot=/home/pub/cmhua/toolchaines/build/aarch64-mix210-linux/aarch64_mix210_build_dir/aarch64_mix210/target --with-gmp=/home/pub/cmhua/toolchaines/build/aarch64-mix210-linux/aarch64_mix210_build_dir/obj/host-libs/usr --with-mpfr=/home/pub/cmhua/toolchaines/build/aarch64-mix210-linux/aarch64_mix210_build_dir/obj/host-libs/usr --with-mpc=/home/pub/cmhua/toolchaines/build/aarch64-mix210-linux/aarch64_mix210_build_dir/obj/host-libs/usr --with-build-time-tools=/home/pub/cmhua/toolchaines/build/aarch64-mix210-linux/aarch64_mix210_build_dir/aarch64_mix210/aarch64-linux-gnu/bin --libdir=/home/pub/cmhua/toolchaines/build/aarch64-mix210-linux/aarch64_mix210_build_dir/aarch64_mix210/lib --disable-bootstrap --with-system-zlib
Thread model: posix
gcc version 7.3.0 (20210804) 
COMPILER_PATH=/home/fsy/install/aarch64-mix210-linux/aarch64-mix210-linux/host_bin/../libexec/gcc/aarch64-linux-gnu/7.3.0/:/home/fsy/install/aarch64-mix210-linux/aarch64-mix210-linux/host_bin/../libexec/gcc/aarch64-linux-gnu/:/home/fsy/install/aarch64-mix210-linux/aarch64-mix210-linux/host_bin/../libexec/gcc/:/home/fsy/install/aarch64-mix210-linux/aarch64-mix210-linux/host_bin/../lib/gcc/aarch64-linux-gnu/7.3.0/../../../../aarch64-linux-gnu/bin/
LIBRARY_PATH=/home/fsy/install/aarch64-mix210-linux/aarch64-mix210-linux/host_bin/../lib/gcc/aarch64-linux-gnu/7.3.0/:/home/fsy/install/aarch64-mix210-linux/aarch64-mix210-linux/host_bin/../lib/gcc/aarch64-linux-gnu/:/home/fsy/install/aarch64-mix210-linux/aarch64-mix210-linux/host_bin/../lib/gcc/:/home/fsy/install/aarch64-mix210-linux/aarch64-mix210-linux/host_bin/../lib/gcc/aarch64-linux-gnu/7.3.0/../../../../aarch64-linux-gnu/lib/../lib64/:/home/fsy/install/aarch64-mix210-linux/aarch64-mix210-linux/host_bin/../lib/gcc/aarch64-linux-gnu/7.3.0/../../../../aarch64-linux-gnu/lib/:/home/fsy/install/aarch64-mix210-linux/aarch64-mix210-linux/host_bin/../target/lib/:/home/fsy/install/aarch64-mix210-linux/aarch64-mix210-linux/host_bin/../target/usr/lib/
COLLECT_GCC_OPTIONS='-v' '-rdynamic' '-o' 'cmTC_cef02' '-shared-libgcc' '-march=armv8-a' '-mlittle-endian' '-mabi=lp64'
 /home/fsy/install/aarch64-mix210-linux/aarch64-mix210-linux/host_bin/../libexec/gcc/aarch64-linux-gnu/7.3.0/collect2 -plugin /home/fsy/install/aarch64-mix210-linux/aarch64-mix210-linux/host_bin/../libexec/gcc/aarch64-linux-gnu/7.3.0/liblto_plugin.so -plugin-opt=/home/fsy/install/aarch64-mix210-linux/aarch64-mix210-linux/host_bin/../libexec/gcc/aarch64-linux-gnu/7.3.0/lto-wrapper -plugin-opt=-fresolution=/tmp/cc3o3SEh.res -plugin-opt=-pass-through=-lgcc_s -plugin-opt=-pass-through=-lgcc -plugin-opt=-pass-through=-lc -plugin-opt=-pass-through=-lgcc_s -plugin-opt=-pass-through=-lgcc --sysroot=/home/fsy/install/aarch64-mix210-linux/aarch64-mix210-linux/host_bin/../target --eh-frame-hdr -export-dynamic -dynamic-linker /lib/ld-linux-aarch64.so.1 -X -EL -maarch64linux --fix-cortex-a53-835769 --fix-cortex-a53-843419 -o cmTC_cef02 /home/fsy/install/aarch64-mix210-linux/aarch64-mix210-linux/host_bin/../target/usr/lib/crt1.o /home/fsy/install/aarch64-mix210-linux/aarch64-mix210-linux/host_bin/../target/usr/lib/crti.o /home/fsy/install/aarch64-mix210-linux/aarch64-mix210-linux/host_bin/../lib/gcc/aarch64-linux-gnu/7.3.0/crtbegin.o -L/home/fsy/install/aarch64-mix210-linux/aarch64-mix210-linux/host_bin/../lib/gcc/aarch64-linux-gnu/7.3.0 -L/home/fsy/install/aarch64-mix210-linux/aarch64-mix210-linux/host_bin/../lib/gcc/aarch64-linux-gnu -L/home/fsy/install/aarch64-mix210-linux/aarch64-mix210-linux/host_bin/../lib/gcc -L/home/fsy/install/aarch64-mix210-linux/aarch64-mix210-linux/host_bin/../lib/gcc/aarch64-linux-gnu/7.3.0/../../../../aarch64-linux-gnu/lib/../lib64 -L/home/fsy/install/aarch64-mix210-linux/aarch64-mix210-linux/host_bin/../lib/gcc/aarch64-linux-gnu/7.3.0/../../../../aarch64-linux-gnu/lib -L/home/fsy/install/aarch64-mix210-linux/aarch64-mix210-linux/host_bin/../target/lib -L/home/fsy/install/aarch64-mix210-linux/aarch64-mix210-linux/host_bin/../target/usr/lib CMakeFiles/cmTC_cef02.dir/CMakeCXXCompilerABI.cpp.o -lstdc++ -lm -lgcc_s -lgcc -lc -lgcc_s -lgcc /home/fsy/install/aarch64-mix210-linux/aarch64-mix210-linux/host_bin/../lib/gcc/aarch64-linux-gnu/7.3.0/crtend.o /home/fsy/install/aarch64-mix210-linux/aarch64-mix210-linux/host_bin/../target/usr/lib/crtn.o
COLLECT_GCC_OPTIONS='-v' '-rdynamic' '-o' 'cmTC_cef02' '-shared-libgcc' '-march=armv8-a' '-mlittle-endian' '-mabi=lp64'


Parsed CXX implicit link information from above output:
  link line regex: [^( *|.*[/\])(ld|CMAKE_LINK_STARTFILE-NOTFOUND|([^/\]+-)?ld|collect2)[^/\]*( |$)]
  ignore line: [Change Dir: /home/fsy/Ascend/linux/nfs/new_demo/build/CMakeFiles/CMakeTmp]
  ignore line: []
  ignore line: [Run Build Command:"/usr/bin/ninja" "cmTC_cef02"]
  ignore line: [[1/2] Building CXX object CMakeFiles/cmTC_cef02.dir/CMakeCXXCompilerABI.cpp.o]
  ignore line: [[2/2] Linking CXX executable cmTC_cef02]
  ignore line: [Using built-in specs.]
  ignore line: [COLLECT_GCC=/home/fsy/install/aarch64-mix210-linux/aarch64-mix210-linux/bin/aarch64-mix210-linux-g++]
  ignore line: [COLLECT_LTO_WRAPPER=/home/fsy/install/aarch64-mix210-linux/aarch64-mix210-linux/host_bin/../libexec/gcc/aarch64-linux-gnu/7.3.0/lto-wrapper]
  ignore line: [Target: aarch64-linux-gnu]
  ignore line: [Configured with: /home/pub/cmhua/toolchaines/build/aarch64-mix210-linux/../../open_source/aarch64-mix210-linux_src/gcc-7.3.0/configure --build=x86_64-linux-gnu --host=x86_64-linux-gnu --target=aarch64-linux-gnu --with-arch=armv8-a --prefix=/home/pub/cmhua/toolchaines/build/aarch64-mix210-linux/aarch64_mix210_build_dir/aarch64_mix210 --enable-threads --disable-libmudflap -enable-libssp --enable-gold=yes --disable-libstdcxx-pch --disable-multilib --enable-multiarch --with-gnu-as --with-gnu-ld --enable-libgomp --enable-gnu-indirect-function --enable-checking=yes --enable-lto --enable-c99 --enable-long-long --disable-nls --enable-fix-cortex-a53-835769 --enable-fix-cortex-a53-843419 --enable-shared --with-pkgversion=20210804 --enable-languages=c,c++ --with-headers=/home/pub/cmhua/toolchaines/build/aarch64-mix210-linux/aarch64_mix210_build_dir/aarch64_mix210/target/usr/include --with-sysroot=/home/pub/cmhua/toolchaines/build/aarch64-mix210-linux/aarch64_mix210_build_dir/aarch64_mix210/target --with-build-sysroot=/home/pub/cmhua/toolchaines/build/aarch64-mix210-linux/aarch64_mix210_build_dir/aarch64_mix210/target --with-gmp=/home/pub/cmhua/toolchaines/build/aarch64-mix210-linux/aarch64_mix210_build_dir/obj/host-libs/usr --with-mpfr=/home/pub/cmhua/toolchaines/build/aarch64-mix210-linux/aarch64_mix210_build_dir/obj/host-libs/usr --with-mpc=/home/pub/cmhua/toolchaines/build/aarch64-mix210-linux/aarch64_mix210_build_dir/obj/host-libs/usr --with-build-time-tools=/home/pub/cmhua/toolchaines/build/aarch64-mix210-linux/aarch64_mix210_build_dir/aarch64_mix210/aarch64-linux-gnu/bin --libdir=/home/pub/cmhua/toolchaines/build/aarch64-mix210-linux/aarch64_mix210_build_dir/aarch64_mix210/lib --disable-bootstrap --with-system-zlib]
  ignore line: [Thread model: posix]
  ignore line: [gcc version 7.3.0 (20210804) ]
  ignore line: [COMPILER_PATH=/home/fsy/install/aarch64-mix210-linux/aarch64-mix210-linux/host_bin/../libexec/gcc/aarch64-linux-gnu/7.3.0/:/home/fsy/install/aarch64-mix210-linux/aarch64-mix210-linux/host_bin/../libexec/gcc/aarch64-linux-gnu/:/home/fsy/install/aarch64-mix210-linux/aarch64-mix210-linux/host_bin/../libexec/gcc/:/home/fsy/install/aarch64-mix210-linux/aarch64-mix210-linux/host_bin/../lib/gcc/aarch64-linux-gnu/7.3.0/../../../../aarch64-linux-gnu/bin/]
  ignore line: [LIBRARY_PATH=/home/fsy/install/aarch64-mix210-linux/aarch64-mix210-linux/host_bin/../lib/gcc/aarch64-linux-gnu/7.3.0/:/home/fsy/install/aarch64-mix210-linux/aarch64-mix210-linux/host_bin/../lib/gcc/aarch64-linux-gnu/:/home/fsy/install/aarch64-mix210-linux/aarch64-mix210-linux/host_bin/../lib/gcc/:/home/fsy/install/aarch64-mix210-linux/aarch64-mix210-linux/host_bin/../lib/gcc/aarch64-linux-gnu/7.3.0/../../../../aarch64-linux-gnu/lib/../lib64/:/home/fsy/install/aarch64-mix210-linux/aarch64-mix210-linux/host_bin/../lib/gcc/aarch64-linux-gnu/7.3.0/../../../../aarch64-linux-gnu/lib/:/home/fsy/install/aarch64-mix210-linux/aarch64-mix210-linux/host_bin/../target/lib/:/home/fsy/install/aarch64-mix210-linux/aarch64-mix210-linux/host_bin/../target/usr/lib/]
  ignore line: [COLLECT_GCC_OPTIONS='-v' '-rdynamic' '-o' 'cmTC_cef02' '-shared-libgcc' '-march=armv8-a' '-mlittle-endian' '-mabi=lp64']
  link line: [ /home/fsy/install/aarch64-mix210-linux/aarch64-mix210-linux/host_bin/../libexec/gcc/aarch64-linux-gnu/7.3.0/collect2 -plugin /home/fsy/install/aarch64-mix210-linux/aarch64-mix210-linux/host_bin/../libexec/gcc/aarch64-linux-gnu/7.3.0/liblto_plugin.so -plugin-opt=/home/fsy/install/aarch64-mix210-linux/aarch64-mix210-linux/host_bin/../libexec/gcc/aarch64-linux-gnu/7.3.0/lto-wrapper -plugin-opt=-fresolution=/tmp/cc3o3SEh.res -plugin-opt=-pass-through=-lgcc_s -plugin-opt=-pass-through=-lgcc -plugin-opt=-pass-through=-lc -plugin-opt=-pass-through=-lgcc_s -plugin-opt=-pass-through=-lgcc --sysroot=/home/fsy/install/aarch64-mix210-linux/aarch64-mix210-linux/host_bin/../target --eh-frame-hdr -export-dynamic -dynamic-linker /lib/ld-linux-aarch64.so.1 -X -EL -maarch64linux --fix-cortex-a53-835769 --fix-cortex-a53-843419 -o cmTC_cef02 /home/fsy/install/aarch64-mix210-linux/aarch64-mix210-linux/host_bin/../target/usr/lib/crt1.o /home/fsy/install/aarch64-mix210-linux/aarch64-mix210-linux/host_bin/../target/usr/lib/crti.o /home/fsy/install/aarch64-mix210-linux/aarch64-mix210-linux/host_bin/../lib/gcc/aarch64-linux-gnu/7.3.0/crtbegin.o -L/home/fsy/install/aarch64-mix210-linux/aarch64-mix210-linux/host_bin/../lib/gcc/aarch64-linux-gnu/7.3.0 -L/home/fsy/install/aarch64-mix210-linux/aarch64-mix210-linux/host_bin/../lib/gcc/aarch64-linux-gnu -L/home/fsy/install/aarch64-mix210-linux/aarch64-mix210-linux/host_bin/../lib/gcc -L/home/fsy/install/aarch64-mix210-linux/aarch64-mix210-linux/host_bin/../lib/gcc/aarch64-linux-gnu/7.3.0/../../../../aarch64-linux-gnu/lib/../lib64 -L/home/fsy/install/aarch64-mix210-linux/aarch64-mix210-linux/host_bin/../lib/gcc/aarch64-linux-gnu/7.3.0/../../../../aarch64-linux-gnu/lib -L/home/fsy/install/aarch64-mix210-linux/aarch64-mix210-linux/host_bin/../target/lib -L/home/fsy/install/aarch64-mix210-linux/aarch64-mix210-linux/host_bin/../target/usr/lib CMakeFiles/cmTC_cef02.dir/CMakeCXXCompilerABI.cpp.o -lstdc++ -lm -lgcc_s -lgcc -lc -lgcc_s -lgcc /home/fsy/install/aarch64-mix210-linux/aarch64-mix210-linux/host_bin/../lib/gcc/aarch64-linux-gnu/7.3.0/crtend.o /home/fsy/install/aarch64-mix210-linux/aarch64-mix210-linux/host_bin/../target/usr/lib/crtn.o]
    arg [/home/fsy/install/aarch64-mix210-linux/aarch64-mix210-linux/host_bin/../libexec/gcc/aarch64-linux-gnu/7.3.0/collect2] ==> ignore
    arg [-plugin] ==> ignore
    arg [/home/fsy/install/aarch64-mix210-linux/aarch64-mix210-linux/host_bin/../libexec/gcc/aarch64-linux-gnu/7.3.0/liblto_plugin.so] ==> ignore
    arg [-plugin-opt=/home/fsy/install/aarch64-mix210-linux/aarch64-mix210-linux/host_bin/../libexec/gcc/aarch64-linux-gnu/7.3.0/lto-wrapper] ==> ignore
    arg [-plugin-opt=-fresolution=/tmp/cc3o3SEh.res] ==> ignore
    arg [-plugin-opt=-pass-through=-lgcc_s] ==> ignore
    arg [-plugin-opt=-pass-through=-lgcc] ==> ignore
    arg [-plugin-opt=-pass-through=-lc] ==> ignore
    arg [-plugin-opt=-pass-through=-lgcc_s] ==> ignore
    arg [-plugin-opt=-pass-through=-lgcc] ==> ignore
    arg [--sysroot=/home/fsy/install/aarch64-mix210-linux/aarch64-mix210-linux/host_bin/../target] ==> ignore
    arg [--eh-frame-hdr] ==> ignore
    arg [-export-dynamic] ==> ignore
    arg [-dynamic-linker] ==> ignore
    arg [/lib/ld-linux-aarch64.so.1] ==> ignore
    arg [-X] ==> ignore
    arg [-EL] ==> ignore
    arg [-maarch64linux] ==> ignore
    arg [--fix-cortex-a53-835769] ==> ignore
    arg [--fix-cortex-a53-843419] ==> ignore
    arg [-o] ==> ignore
    arg [cmTC_cef02] ==> ignore
    arg [/home/fsy/install/aarch64-mix210-linux/aarch64-mix210-linux/host_bin/../target/usr/lib/crt1.o] ==> ignore
    arg [/home/fsy/install/aarch64-mix210-linux/aarch64-mix210-linux/host_bin/../target/usr/lib/crti.o] ==> ignore
    arg [/home/fsy/install/aarch64-mix210-linux/aarch64-mix210-linux/host_bin/../lib/gcc/aarch64-linux-gnu/7.3.0/crtbegin.o] ==> ignore
    arg [-L/home/fsy/install/aarch64-mix210-linux/aarch64-mix210-linux/host_bin/../lib/gcc/aarch64-linux-gnu/7.3.0] ==> dir [/home/fsy/install/aarch64-mix210-linux/aarch64-mix210-linux/host_bin/../lib/gcc/aarch64-linux-gnu/7.3.0]
    arg [-L/home/fsy/install/aarch64-mix210-linux/aarch64-mix210-linux/host_bin/../lib/gcc/aarch64-linux-gnu] ==> dir [/home/fsy/install/aarch64-mix210-linux/aarch64-mix210-linux/host_bin/../lib/gcc/aarch64-linux-gnu]
    arg [-L/home/fsy/install/aarch64-mix210-linux/aarch64-mix210-linux/host_bin/../lib/gcc] ==> dir [/home/fsy/install/aarch64-mix210-linux/aarch64-mix210-linux/host_bin/../lib/gcc]
    arg [-L/home/fsy/install/aarch64-mix210-linux/aarch64-mix210-linux/host_bin/../lib/gcc/aarch64-linux-gnu/7.3.0/../../../../aarch64-linux-gnu/lib/../lib64] ==> dir [/home/fsy/install/aarch64-mix210-linux/aarch64-mix210-linux/host_bin/../lib/gcc/aarch64-linux-gnu/7.3.0/../../../../aarch64-linux-gnu/lib/../lib64]
    arg [-L/home/fsy/install/aarch64-mix210-linux/aarch64-mix210-linux/host_bin/../lib/gcc/aarch64-linux-gnu/7.3.0/../../../../aarch64-linux-gnu/lib] ==> dir [/home/fsy/install/aarch64-mix210-linux/aarch64-mix210-linux/host_bin/../lib/gcc/aarch64-linux-gnu/7.3.0/../../../../aarch64-linux-gnu/lib]
    arg [-L/home/fsy/install/aarch64-mix210-linux/aarch64-mix210-linux/host_bin/../target/lib] ==> dir [/home/fsy/install/aarch64-mix210-linux/aarch64-mix210-linux/host_bin/../target/lib]
    arg [-L/home/fsy/install/aarch64-mix210-linux/aarch64-mix210-linux/host_bin/../target/usr/lib] ==> dir [/home/fsy/install/aarch64-mix210-linux/aarch64-mix210-linux/host_bin/../target/usr/lib]
    arg [CMakeFiles/cmTC_cef02.dir/CMakeCXXCompilerABI.cpp.o] ==> ignore
    arg [-lstdc++] ==> lib [stdc++]
    arg [-lm] ==> lib [m]
    arg [-lgcc_s] ==> lib [gcc_s]
    arg [-lgcc] ==> lib [gcc]
    arg [-lc] ==> lib [c]
    arg [-lgcc_s] ==> lib [gcc_s]
    arg [-lgcc] ==> lib [gcc]
    arg [/home/fsy/install/aarch64-mix210-linux/aarch64-mix210-linux/host_bin/../lib/gcc/aarch64-linux-gnu/7.3.0/crtend.o] ==> ignore
    arg [/home/fsy/install/aarch64-mix210-linux/aarch64-mix210-linux/host_bin/../target/usr/lib/crtn.o] ==> ignore
  collapse library dir [/home/fsy/install/aarch64-mix210-linux/aarch64-mix210-linux/host_bin/../lib/gcc/aarch64-linux-gnu/7.3.0] ==> [/home/fsy/install/aarch64-mix210-linux/aarch64-mix210-linux/lib/gcc/aarch64-linux-gnu/7.3.0]
  collapse library dir [/home/fsy/install/aarch64-mix210-linux/aarch64-mix210-linux/host_bin/../lib/gcc/aarch64-linux-gnu] ==> [/home/fsy/install/aarch64-mix210-linux/aarch64-mix210-linux/lib/gcc/aarch64-linux-gnu]
  collapse library dir [/home/fsy/install/aarch64-mix210-linux/aarch64-mix210-linux/host_bin/../lib/gcc] ==> [/home/fsy/install/aarch64-mix210-linux/aarch64-mix210-linux/lib/gcc]
  collapse library dir [/home/fsy/install/aarch64-mix210-linux/aarch64-mix210-linux/host_bin/../lib/gcc/aarch64-linux-gnu/7.3.0/../../../../aarch64-linux-gnu/lib/../lib64] ==> [/home/fsy/install/aarch64-mix210-linux/aarch64-mix210-linux/aarch64-linux-gnu/lib64]
  collapse library dir [/home/fsy/install/aarch64-mix210-linux/aarch64-mix210-linux/host_bin/../lib/gcc/aarch64-linux-gnu/7.3.0/../../../../aarch64-linux-gnu/lib] ==> [/home/fsy/install/aarch64-mix210-linux/aarch64-mix210-linux/aarch64-linux-gnu/lib]
  collapse library dir [/home/fsy/install/aarch64-mix210-linux/aarch64-mix210-linux/host_bin/../target/lib] ==> [/home/fsy/install/aarch64-mix210-linux/aarch64-mix210-linux/target/lib]
  collapse library dir [/home/fsy/install/aarch64-mix210-linux/aarch64-mix210-linux/host_bin/../target/usr/lib] ==> [/home/fsy/install/aarch64-mix210-linux/aarch64-mix210-linux/target/usr/lib]
  implicit libs: [stdc++;m;gcc_s;gcc;c;gcc_s;gcc]
  implicit dirs: [/home/fsy/install/aarch64-mix210-linux/aarch64-mix210-linux/lib/gcc/aarch64-linux-gnu/7.3.0;/home/fsy/install/aarch64-mix210-linux/aarch64-mix210-linux/lib/gcc/aarch64-linux-gnu;/home/fsy/install/aarch64-mix210-linux/aarch64-mix210-linux/lib/gcc;/home/fsy/install/aarch64-mix210-linux/aarch64-mix210-linux/aarch64-linux-gnu/lib64;/home/fsy/install/aarch64-mix210-linux/aarch64-mix210-linux/aarch64-linux-gnu/lib;/home/fsy/install/aarch64-mix210-linux/aarch64-mix210-linux/target/lib;/home/fsy/install/aarch64-mix210-linux/aarch64-mix210-linux/target/usr/lib]
  implicit fwks: []




Detecting CXX [-std=c++1z] compiler features compiled with the following output:
Change Dir: /home/fsy/Ascend/linux/nfs/new_demo/build/CMakeFiles/CMakeTmp

Run Build Command:"/usr/bin/ninja" "cmTC_a6407"
[1/2] Building CXX object CMakeFiles/cmTC_a6407.dir/feature_tests.cxx.o
[2/2] Linking CXX executable cmTC_a6407


    Feature record: CXX_FEATURE:1cxx_aggregate_default_initializers
    Feature record: CXX_FEATURE:1cxx_alias_templates
    Feature record: CXX_FEATURE:1cxx_alignas
    Feature record: CXX_FEATURE:1cxx_alignof
    Feature record: CXX_FEATURE:1cxx_attributes
    Feature record: CXX_FEATURE:1cxx_attribute_deprecated
    Feature record: CXX_FEATURE:1cxx_auto_type
    Feature record: CXX_FEATURE:1cxx_binary_literals
    Feature record: CXX_FEATURE:1cxx_constexpr
    Feature record: CXX_FEATURE:1cxx_contextual_conversions
    Feature record: CXX_FEATURE:1cxx_decltype
    Feature record: CXX_FEATURE:1cxx_decltype_auto
    Feature record: CXX_FEATURE:1cxx_decltype_incomplete_return_types
    Feature record: CXX_FEATURE:1cxx_default_function_template_args
    Feature record: CXX_FEATURE:1cxx_defaulted_functions
    Feature record: CXX_FEATURE:1cxx_defaulted_move_initializers
    Feature record: CXX_FEATURE:1cxx_delegating_constructors
    Feature record: CXX_FEATURE:1cxx_deleted_functions
    Feature record: CXX_FEATURE:1cxx_digit_separators
    Feature record: CXX_FEATURE:1cxx_enum_forward_declarations
    Feature record: CXX_FEATURE:1cxx_explicit_conversions
    Feature record: CXX_FEATURE:1cxx_extended_friend_declarations
    Feature record: CXX_FEATURE:1cxx_extern_templates
    Feature record: CXX_FEATURE:1cxx_final
    Feature record: CXX_FEATURE:1cxx_func_identifier
    Feature record: CXX_FEATURE:1cxx_generalized_initializers
    Feature record: CXX_FEATURE:1cxx_generic_lambdas
    Feature record: CXX_FEATURE:1cxx_inheriting_constructors
    Feature record: CXX_FEATURE:1cxx_inline_namespaces
    Feature record: CXX_FEATURE:1cxx_lambdas
    Feature record: CXX_FEATURE:1cxx_lambda_init_captures
    Feature record: CXX_FEATURE:1cxx_local_type_template_args
    Feature record: CXX_FEATURE:1cxx_long_long_type
    Feature record: CXX_FEATURE:1cxx_noexcept
    Feature record: CXX_FEATURE:1cxx_nonstatic_member_init
    Feature record: CXX_FEATURE:1cxx_nullptr
    Feature record: CXX_FEATURE:1cxx_override
    Feature record: CXX_FEATURE:1cxx_range_for
    Feature record: CXX_FEATURE:1cxx_raw_string_literals
    Feature record: CXX_FEATURE:1cxx_reference_qualified_functions
    Feature record: CXX_FEATURE:1cxx_relaxed_constexpr
    Feature record: CXX_FEATURE:1cxx_return_type_deduction
    Feature record: CXX_FEATURE:1cxx_right_angle_brackets
    Feature record: CXX_FEATURE:1cxx_rvalue_references
    Feature record: CXX_FEATURE:1cxx_sizeof_member
    Feature record: CXX_FEATURE:1cxx_static_assert
    Feature record: CXX_FEATURE:1cxx_strong_enums
    Feature record: CXX_FEATURE:1cxx_template_template_parameters
    Feature record: CXX_FEATURE:1cxx_thread_local
    Feature record: CXX_FEATURE:1cxx_trailing_return_types
    Feature record: CXX_FEATURE:1cxx_unicode_literals
    Feature record: CXX_FEATURE:1cxx_uniform_initialization
    Feature record: CXX_FEATURE:1cxx_unrestricted_unions
    Feature record: CXX_FEATURE:1cxx_user_literals
    Feature record: CXX_FEATURE:1cxx_variable_templates
    Feature record: CXX_FEATURE:1cxx_variadic_macros
    Feature record: CXX_FEATURE:1cxx_variadic_templates


Detecting CXX [-std=c++14] compiler features compiled with the following output:
Change Dir: /home/fsy/Ascend/linux/nfs/new_demo/build/CMakeFiles/CMakeTmp

Run Build Command:"/usr/bin/ninja" "cmTC_be0a2"
[1/2] Building CXX object CMakeFiles/cmTC_be0a2.dir/feature_tests.cxx.o
[2/2] Linking CXX executable cmTC_be0a2


    Feature record: CXX_FEATURE:1cxx_aggregate_default_initializers
    Feature record: CXX_FEATURE:1cxx_alias_templates
    Feature record: CXX_FEATURE:1cxx_alignas
    Feature record: CXX_FEATURE:1cxx_alignof
    Feature record: CXX_FEATURE:1cxx_attributes
    Feature record: CXX_FEATURE:1cxx_attribute_deprecated
    Feature record: CXX_FEATURE:1cxx_auto_type
    Feature record: CXX_FEATURE:1cxx_binary_literals
    Feature record: CXX_FEATURE:1cxx_constexpr
    Feature record: CXX_FEATURE:1cxx_contextual_conversions
    Feature record: CXX_FEATURE:1cxx_decltype
    Feature record: CXX_FEATURE:1cxx_decltype_auto
    Feature record: CXX_FEATURE:1cxx_decltype_incomplete_return_types
    Feature record: CXX_FEATURE:1cxx_default_function_template_args
    Feature record: CXX_FEATURE:1cxx_defaulted_functions
    Feature record: CXX_FEATURE:1cxx_defaulted_move_initializers
    Feature record: CXX_FEATURE:1cxx_delegating_constructors
    Feature record: CXX_FEATURE:1cxx_deleted_functions
    Feature record: CXX_FEATURE:1cxx_digit_separators
    Feature record: CXX_FEATURE:1cxx_enum_forward_declarations
    Feature record: CXX_FEATURE:1cxx_explicit_conversions
    Feature record: CXX_FEATURE:1cxx_extended_friend_declarations
    Feature record: CXX_FEATURE:1cxx_extern_templates
    Feature record: CXX_FEATURE:1cxx_final
    Feature record: CXX_FEATURE:1cxx_func_identifier
    Feature record: CXX_FEATURE:1cxx_generalized_initializers
    Feature record: CXX_FEATURE:1cxx_generic_lambdas
    Feature record: CXX_FEATURE:1cxx_inheriting_constructors
    Feature record: CXX_FEATURE:1cxx_inline_namespaces
    Feature record: CXX_FEATURE:1cxx_lambdas
    Feature record: CXX_FEATURE:1cxx_lambda_init_captures
    Feature record: CXX_FEATURE:1cxx_local_type_template_args
    Feature record: CXX_FEATURE:1cxx_long_long_type
    Feature record: CXX_FEATURE:1cxx_noexcept
    Feature record: CXX_FEATURE:1cxx_nonstatic_member_init
    Feature record: CXX_FEATURE:1cxx_nullptr
    Feature record: CXX_FEATURE:1cxx_override
    Feature record: CXX_FEATURE:1cxx_range_for
    Feature record: CXX_FEATURE:1cxx_raw_string_literals
    Feature record: CXX_FEATURE:1cxx_reference_qualified_functions
    Feature record: CXX_FEATURE:1cxx_relaxed_constexpr
    Feature record: CXX_FEATURE:1cxx_return_type_deduction
    Feature record: CXX_FEATURE:1cxx_right_angle_brackets
    Feature record: CXX_FEATURE:1cxx_rvalue_references
    Feature record: CXX_FEATURE:1cxx_sizeof_member
    Feature record: CXX_FEATURE:1cxx_static_assert
    Feature record: CXX_FEATURE:1cxx_strong_enums
    Feature record: CXX_FEATURE:1cxx_template_template_parameters
    Feature record: CXX_FEATURE:1cxx_thread_local
    Feature record: CXX_FEATURE:1cxx_trailing_return_types
    Feature record: CXX_FEATURE:1cxx_unicode_literals
    Feature record: CXX_FEATURE:1cxx_uniform_initialization
    Feature record: CXX_FEATURE:1cxx_unrestricted_unions
    Feature record: CXX_FEATURE:1cxx_user_literals
    Feature record: CXX_FEATURE:1cxx_variable_templates
    Feature record: CXX_FEATURE:1cxx_variadic_macros
    Feature record: CXX_FEATURE:1cxx_variadic_templates


Detecting CXX [-std=c++11] compiler features compiled with the following output:
Change Dir: /home/fsy/Ascend/linux/nfs/new_demo/build/CMakeFiles/CMakeTmp

Run Build Command:"/usr/bin/ninja" "cmTC_e80fb"
[1/2] Building CXX object CMakeFiles/cmTC_e80fb.dir/feature_tests.cxx.o
[2/2] Linking CXX executable cmTC_e80fb


    Feature record: CXX_FEATURE:0cxx_aggregate_default_initializers
    Feature record: CXX_FEATURE:1cxx_alias_templates
    Feature record: CXX_FEATURE:1cxx_alignas
    Feature record: CXX_FEATURE:1cxx_alignof
    Feature record: CXX_FEATURE:1cxx_attributes
    Feature record: CXX_FEATURE:0cxx_attribute_deprecated
    Feature record: CXX_FEATURE:1cxx_auto_type
    Feature record: CXX_FEATURE:0cxx_binary_literals
    Feature record: CXX_FEATURE:1cxx_constexpr
    Feature record: CXX_FEATURE:0cxx_contextual_conversions
    Feature record: CXX_FEATURE:1cxx_decltype
    Feature record: CXX_FEATURE:0cxx_decltype_auto
    Feature record: CXX_FEATURE:1cxx_decltype_incomplete_return_types
    Feature record: CXX_FEATURE:1cxx_default_function_template_args
    Feature record: CXX_FEATURE:1cxx_defaulted_functions
    Feature record: CXX_FEATURE:1cxx_defaulted_move_initializers
    Feature record: CXX_FEATURE:1cxx_delegating_constructors
    Feature record: CXX_FEATURE:1cxx_deleted_functions
    Feature record: CXX_FEATURE:0cxx_digit_separators
    Feature record: CXX_FEATURE:1cxx_enum_forward_declarations
    Feature record: CXX_FEATURE:1cxx_explicit_conversions
    Feature record: CXX_FEATURE:1cxx_extended_friend_declarations
    Feature record: CXX_FEATURE:1cxx_extern_templates
    Feature record: CXX_FEATURE:1cxx_final
    Feature record: CXX_FEATURE:1cxx_func_identifier
    Feature record: CXX_FEATURE:1cxx_generalized_initializers
    Feature record: CXX_FEATURE:0cxx_generic_lambdas
    Feature record: CXX_FEATURE:1cxx_inheriting_constructors
    Feature record: CXX_FEATURE:1cxx_inline_namespaces
    Feature record: CXX_FEATURE:1cxx_lambdas
    Feature record: CXX_FEATURE:0cxx_lambda_init_captures
    Feature record: CXX_FEATURE:1cxx_local_type_template_args
    Feature record: CXX_FEATURE:1cxx_long_long_type
    Feature record: CXX_FEATURE:1cxx_noexcept
    Feature record: CXX_FEATURE:1cxx_nonstatic_member_init
    Feature record: CXX_FEATURE:1cxx_nullptr
    Feature record: CXX_FEATURE:1cxx_override
    Feature record: CXX_FEATURE:1cxx_range_for
    Feature record: CXX_FEATURE:1cxx_raw_string_literals
    Feature record: CXX_FEATURE:1cxx_reference_qualified_functions
    Feature record: CXX_FEATURE:0cxx_relaxed_constexpr
    Feature record: CXX_FEATURE:0cxx_return_type_deduction
    Feature record: CXX_FEATURE:1cxx_right_angle_brackets
    Feature record: CXX_FEATURE:1cxx_rvalue_references
    Feature record: CXX_FEATURE:1cxx_sizeof_member
    Feature record: CXX_FEATURE:1cxx_static_assert
    Feature record: CXX_FEATURE:1cxx_strong_enums
    Feature record: CXX_FEATURE:1cxx_template_template_parameters
    Feature record: CXX_FEATURE:1cxx_thread_local
    Feature record: CXX_FEATURE:1cxx_trailing_return_types
    Feature record: CXX_FEATURE:1cxx_unicode_literals
    Feature record: CXX_FEATURE:1cxx_uniform_initialization
    Feature record: CXX_FEATURE:1cxx_unrestricted_unions
    Feature record: CXX_FEATURE:1cxx_user_literals
    Feature record: CXX_FEATURE:0cxx_variable_templates
    Feature record: CXX_FEATURE:1cxx_variadic_macros
    Feature record: CXX_FEATURE:1cxx_variadic_templates


Detecting CXX [-std=c++98] compiler features compiled with the following output:
Change Dir: /home/fsy/Ascend/linux/nfs/new_demo/build/CMakeFiles/CMakeTmp

Run Build Command:"/usr/bin/ninja" "cmTC_0ddb5"
[1/2] Building CXX object CMakeFiles/cmTC_0ddb5.dir/feature_tests.cxx.o
[2/2] Linking CXX executable cmTC_0ddb5


    Feature record: CXX_FEATURE:0cxx_aggregate_default_initializers
    Feature record: CXX_FEATURE:0cxx_alias_templates
    Feature record: CXX_FEATURE:0cxx_alignas
    Feature record: CXX_FEATURE:0cxx_alignof
    Feature record: CXX_FEATURE:0cxx_attributes
    Feature record: CXX_FEATURE:0cxx_attribute_deprecated
    Feature record: CXX_FEATURE:0cxx_auto_type
    Feature record: CXX_FEATURE:0cxx_binary_literals
    Feature record: CXX_FEATURE:0cxx_constexpr
    Feature record: CXX_FEATURE:0cxx_contextual_conversions
    Feature record: CXX_FEATURE:0cxx_decltype
    Feature record: CXX_FEATURE:0cxx_decltype_auto
    Feature record: CXX_FEATURE:0cxx_decltype_incomplete_return_types
    Feature record: CXX_FEATURE:0cxx_default_function_template_args
    Feature record: CXX_FEATURE:0cxx_defaulted_functions
    Feature record: CXX_FEATURE:0cxx_defaulted_move_initializers
    Feature record: CXX_FEATURE:0cxx_delegating_constructors
    Feature record: CXX_FEATURE:0cxx_deleted_functions
    Feature record: CXX_FEATURE:0cxx_digit_separators
    Feature record: CXX_FEATURE:0cxx_enum_forward_declarations
    Feature record: CXX_FEATURE:0cxx_explicit_conversions
    Feature record: CXX_FEATURE:0cxx_extended_friend_declarations
    Feature record: CXX_FEATURE:0cxx_extern_templates
    Feature record: CXX_FEATURE:0cxx_final
    Feature record: CXX_FEATURE:0cxx_func_identifier
    Feature record: CXX_FEATURE:0cxx_generalized_initializers
    Feature record: CXX_FEATURE:0cxx_generic_lambdas
    Feature record: CXX_FEATURE:0cxx_inheriting_constructors
    Feature record: CXX_FEATURE:0cxx_inline_namespaces
    Feature record: CXX_FEATURE:0cxx_lambdas
    Feature record: CXX_FEATURE:0cxx_lambda_init_captures
    Feature record: CXX_FEATURE:0cxx_local_type_template_args
    Feature record: CXX_FEATURE:0cxx_long_long_type
    Feature record: CXX_FEATURE:0cxx_noexcept
    Feature record: CXX_FEATURE:0cxx_nonstatic_member_init
    Feature record: CXX_FEATURE:0cxx_nullptr
    Feature record: CXX_FEATURE:0cxx_override
    Feature record: CXX_FEATURE:0cxx_range_for
    Feature record: CXX_FEATURE:0cxx_raw_string_literals
    Feature record: CXX_FEATURE:0cxx_reference_qualified_functions
    Feature record: CXX_FEATURE:0cxx_relaxed_constexpr
    Feature record: CXX_FEATURE:0cxx_return_type_deduction
    Feature record: CXX_FEATURE:0cxx_right_angle_brackets
    Feature record: CXX_FEATURE:0cxx_rvalue_references
    Feature record: CXX_FEATURE:0cxx_sizeof_member
    Feature record: CXX_FEATURE:0cxx_static_assert
    Feature record: CXX_FEATURE:0cxx_strong_enums
    Feature record: CXX_FEATURE:1cxx_template_template_parameters
    Feature record: CXX_FEATURE:0cxx_thread_local
    Feature record: CXX_FEATURE:0cxx_trailing_return_types
    Feature record: CXX_FEATURE:0cxx_unicode_literals
    Feature record: CXX_FEATURE:0cxx_uniform_initialization
    Feature record: CXX_FEATURE:0cxx_unrestricted_unions
    Feature record: CXX_FEATURE:0cxx_user_literals
    Feature record: CXX_FEATURE:0cxx_variable_templates
    Feature record: CXX_FEATURE:0cxx_variadic_macros
    Feature record: CXX_FEATURE:0cxx_variadic_templates
